<?xml version="1.0" encoding="UTF-8"?>
<!-- Generated by org.testng.reporters.JUnitReportReporter -->
<testsuite hostname="MACC02MXRWEFH00" name="com.philips.request.RequestClass" tests="3" failures="0" timestamp="18 Oct 2017 07:15:09 GMT" time="4.027" errors="0">
  <testcase name="loginHHGW" time="2.973" classname="com.philips.request.RequestClass"/>
  <testcase name="loginHHGW" time="0.746" classname="com.philips.request.RequestClass"/>
  <testcase name="loginHHGW" time="0.308" classname="com.philips.request.RequestClass"/>
</testsuite> <!-- com.philips.request.RequestClass -->
