<?xml version="1.0" encoding="UTF-8"?>
<!-- Generated by org.testng.reporters.JUnitReportReporter -->
<testsuite hostname="MACC02MXRWEFH00" name="com.philips.request.RequestClass" tests="2" failures="0" timestamp="20 Oct 2017 06:50:34 GMT" time="5.084" errors="0">
  <testcase name="getProfile" time="0.002" classname="com.philips.request.RequestClass"/>
  <testcase name="login" time="5.082" classname="com.philips.request.RequestClass"/>
</testsuite> <!-- com.philips.request.RequestClass -->
