<?xml version="1.0" encoding="UTF-8"?>
<!-- Generated by org.testng.reporters.JUnitReportReporter -->
<testsuite hostname="MACC02MXRWEFH00" name="com.philips.request.RequestClass" tests="2" failures="0" timestamp="19 Oct 2017 16:03:23 GMT" time="9.651" errors="0">
  <testcase name="login" time="6.345" classname="com.philips.request.RequestClass"/>
  <testcase name="getProfile" time="3.306" classname="com.philips.request.RequestClass"/>
</testsuite> <!-- com.philips.request.RequestClass -->
